<?xml version="1.0" encoding="UTF-8" ?>
<testsuite errors="0" failures="9" hostname="sidds-mbp.olin.edu" name="com.allendowney.javacs.MyArrayListTest" skipped="0" tests="20" time="0.061" timestamp="2016-10-30T01:34:23">
  <properties>
[...]
</properties>
  <testcase classname="com.allendowney.javacs.MyArrayListTest" name="testToArray" time="0.003" />
  <testcase classname="com.allendowney.javacs.MyArrayListTest" name="testAddIntT" time="0.004">
    <failure message="&#xa;Expected: is &lt;5&gt;&#xa;     but: was &lt;2&gt;" type="junit.framework.AssertionFailedError">junit.framework.AssertionFailedError: 
Expected: is &lt;5&gt;
     but: was &lt;2&gt;
	at org.hamcrest.MatcherAssert.assertThat(MatcherAssert.java:20)
	at com.allendowney.javacs.MyArrayListTest.testAddIntT(MyArrayListTest.java:70)
</failure>
  </testcase>
  <testcase classname="com.allendowney.javacs.MyArrayListTest" name="testGet" time="0.0" />
  <testcase classname="com.allendowney.javacs.MyArrayListTest" name="testSet" time="0.001">
    <failure message="&#xa;Expected: is &lt;2&gt;&#xa;     but: was null" type="junit.framework.AssertionFailedError">junit.framework.AssertionFailedError: 
Expected: is &lt;2&gt;
     but: was null
	at org.hamcrest.MatcherAssert.assertThat(MatcherAssert.java:20)
	at com.allendowney.javacs.MyArrayListTest.testSet(MyArrayListTest.java:248)
</failure>
  </testcase>
  <testcase classname="com.allendowney.javacs.MyArrayListTest" name="testAddAllCollectionOfQextendsT" time="0.0" />
  <testcase classname="com.allendowney.javacs.MyArrayListTest" name="testClear" time="0.0" />
  <testcase classname="com.allendowney.javacs.MyArrayListTest" name="testAddT" time="0.0" />
  <testcase classname="com.allendowney.javacs.MyArrayListTest" name="testSize" time="0.0" />
  <testcase classname="com.allendowney.javacs.MyArrayListTest" name="testLastIndexOf" time="0.0" />
  <testcase classname="com.allendowney.javacs.MyArrayListTest" name="testContainsAll" time="0.001">
    <failure message="&#xa;Expected: &lt;true&gt;&#xa;     but: was &lt;false&gt;" type="junit.framework.AssertionFailedError">junit.framework.AssertionFailedError: 
Expected: &lt;true&gt;
     but: was &lt;false&gt;
	at org.hamcrest.MatcherAssert.assertThat(MatcherAssert.java:20)
	at com.allendowney.javacs.MyArrayListTest.testContainsAll(MyArrayListTest.java:130)
</failure>
  </testcase>
  <testcase classname="com.allendowney.javacs.MyArrayListTest" name="testRemoveObject" time="0.001">
    <failure message="&#xa;Expected: &lt;true&gt;&#xa;     but: was &lt;false&gt;" type="junit.framework.AssertionFailedError">junit.framework.AssertionFailedError: 
Expected: &lt;true&gt;
     but: was &lt;false&gt;
	at org.hamcrest.MatcherAssert.assertThat(MatcherAssert.java:20)
	at com.allendowney.javacs.MyArrayListTest.testRemoveObject(MyArrayListTest.java:199)
</failure>
  </testcase>
  <testcase classname="com.allendowney.javacs.MyArrayListTest" name="testContains" time="0.001">
    <failure message="&#xa;Expected: &lt;true&gt;&#xa;     but: was &lt;false&gt;" type="junit.framework.AssertionFailedError">junit.framework.AssertionFailedError: 
Expected: &lt;true&gt;
     but: was &lt;false&gt;
	at org.hamcrest.MatcherAssert.assertThat(MatcherAssert.java:20)
	at com.allendowney.javacs.MyArrayListTest.testContains(MyArrayListTest.java:118)
</failure>
  </testcase>
  <testcase classname="com.allendowney.javacs.MyArrayListTest" name="testIndexOfNull" time="0.0">
    <failure message="&#xa;Expected: is &lt;3&gt;&#xa;     but: was &lt;-1&gt;" type="junit.framework.AssertionFailedError">junit.framework.AssertionFailedError: 
Expected: is &lt;3&gt;
     but: was &lt;-1&gt;
	at org.hamcrest.MatcherAssert.assertThat(MatcherAssert.java:20)
	at com.allendowney.javacs.MyArrayListTest.testIndexOfNull(MyArrayListTest.java:159)
</failure>
  </testcase>
  <testcase classname="com.allendowney.javacs.MyArrayListTest" name="testIndexOf" time="0.0">
    <failure message="&#xa;Expected: is &lt;0&gt;&#xa;     but: was &lt;-1&gt;" type="junit.framework.AssertionFailedError">junit.framework.AssertionFailedError: 
Expected: is &lt;0&gt;
     but: was &lt;-1&gt;
	at org.hamcrest.MatcherAssert.assertThat(MatcherAssert.java:20)
	at com.allendowney.javacs.MyArrayListTest.testIndexOf(MyArrayListTest.java:146)
</failure>
  </testcase>
  <testcase classname="com.allendowney.javacs.MyArrayListTest" name="testMyList" time="0.0" />
  <testcase classname="com.allendowney.javacs.MyArrayListTest" name="testIsEmpty" time="0.001" />
  <testcase classname="com.allendowney.javacs.MyArrayListTest" name="testIterator" time="0.0" />
  <testcase classname="com.allendowney.javacs.MyArrayListTest" name="testRemoveAll" time="0.001">
    <failure message="&#xa;Expected: is &lt;0&gt;&#xa;     but: was &lt;3&gt;" type="junit.framework.AssertionFailedError">junit.framework.AssertionFailedError: 
Expected: is &lt;0&gt;
     but: was &lt;3&gt;
	at org.hamcrest.MatcherAssert.assertThat(MatcherAssert.java:20)
	at com.allendowney.javacs.MyArrayListTest.testRemoveAll(MyArrayListTest.java:239)
</failure>
  </testcase>
  <testcase classname="com.allendowney.javacs.MyArrayListTest" name="testRemoveInt" time="0.0">
    <failure message="&#xa;Expected: is &lt;2&gt;&#xa;     but: was null" type="junit.framework.AssertionFailedError">junit.framework.AssertionFailedError: 
Expected: is &lt;2&gt;
     but: was null
	at org.hamcrest.MatcherAssert.assertThat(MatcherAssert.java:20)
	at com.allendowney.javacs.MyArrayListTest.testRemoveInt(MyArrayListTest.java:228)
</failure>
  </testcase>
  <testcase classname="com.allendowney.javacs.MyArrayListTest" name="testSubList" time="0.001" />
  <system-out><![CDATA[]]></system-out>
  <system-err><![CDATA[]]></system-err>
</testsuite>
